289
83376
32099376
902782885
926387702
732768817
54044130
1913862
970408921
90019352
1024
1048064
430607353
876280820
61851643
40982906
505095897
458200734
277196870
151596279
1313
1723312
16368667
601571739
84216820
368163928
232209369
155432708
886794551
370053064
1313
1723312
16368667
601571739
84216820
368163928
232209369
155432708
886794551
370053064
1313
1723312
16368667
601571739
84216820
368163928
232209369
155432708
886794551
370053064
1313
1723312
16368667
601571739
84216820
368163928
232209369
155432708
886794551
370053064
1024
1048064
430607353
876280820
61851643
40982906
505095897
458200734
277196870
151596279
2048
4193280
449052083
194070631
363200544
908278150
419335489
304099035
787990443
503682121
2048
4193280
449052083
194070631
363200544
908278150
419335489
304099035
787990443
503682121
4096
16775168
609191811
518916764
643475684
715512928
277222689
585724895
21314070
480583264
4096
16775168
609191811
518916764
643475684
715512928
277222689
585724895
21314070
480583264
8192
67104768
940639228
713624955
951366883
319650307
76644411
16061756
342664075
527054349
8192
67104768
940639228
713624955
951366883
319650307
76644411
16061756
342664075
527054349
16384
268427264
793541039
108306655
391926092
953590343
935004070
787116489
711529265
256154454
17697
313174960
571889189
516309780
257961802
193863045
203912343
600592367
572194023
638429188
17697
313174960
571889189
516309780
257961802
193863045
203912343
600592367
572194023
638429188
17697
313174960
571889189
516309780
257961802
193863045
203912343
600592367
572194023
638429188
17697
313174960
571889189
516309780
257961802
193863045
203912343
600592367
572194023
638429188
16384
268427264
793541039
108306655
391926092
953590343
935004070
787116489
711529265
256154454
32768
73725433
422053703
865978832
199867077
474331351
994796340
416264249
321474023
163094774
32768
73725433
422053703
865978832
199867077
474331351
994796340
416264249
321474023
163094774
65536
294934500
671364103
362690981
826193884
244313471
138219639
867403071
785383251
332536231
65536
294934500
671364103
362690981
826193884
244313471
138219639
867403071
785383251
332536231
131072
179803529
550716318
629097363
516595296
550825020
738512512
902012364
570786975
494613894
131072
179803529
550716318
629097363
516595296
550825020
738512512
902012364
570786975
494613894
262144
719345188
125075697
753105751
317915667
735032032
127203776
141352468
375983419
969729373
279841
310844814
726659500
186946018
418679831
205996343
336939612
501452800
862363103
533121517
70648369
