0 97
0 56
0 25
-1 -1
-2 93
-4 25
-4 60
-5 19
-5 76
-5 14
-6 57
-6 65
-6 10
-7 39
-8 -2
-10 67
-12 45
-12 -5
-13 32
-13 62
-16 76
-16 55
-16 26
-18 15
-19 22
-19 73
-20 -2
-24 43
-25 -17
-26 -5
-27 31
-27 -1
-28 29
-28 18
-29 42
-29 -23
-32 -8
-33 10
-34 14
-34 -32
-34 -12
-35 -31
-36 -10
-37 25
-38 -2
-39 -20
-39 26
-39 10
-41 16
-41 4
-42 23
-43 47
-44 18
-44 -39
-44 38
-44 -17
-45 6
-47 -30
-47 -44
-48 -10
-49 -12
-52 35
-54 30
-54 -16
-55 -42
-56 -33
-56 -52
-57 -20
-58 -50
-62 -46
-62 19
-65 26
-67 12
-67 -63
-67 9
-71 -58
-71 -32
-71 9
-71 1
-73 21
-74 -25
-75 18
-77 -42
-78 -36
-80 -61
-82 -6
-84 -14
-84 -48
-84 -32
-85 -13
-86 -81
-88 5
-89 -69
-89 -64
-90 -74
-91 -2
-93 -46
-95 -74
-95 -12
-95 -91
-97 -2
-99 -84
-100 -83
No
