7
6 7 9 10 17 19 21
10
2 4 10 12 13 15 18 21 24 26
12
3 7 11 14 20 22 23 24 25 26 29 30
12
3 12 13 15 16 18 21 22 24 26 29 32
18
2 3 4 8 12 13 17 19 22 23 24 26 27 29 32 35 37 41
19
7 8 9 11 14 17 20 21 24 25 27 31 34 36 37 39 41 42 44
26
1 5 7 11 12 13 14 15 16 18 24 26 31 33 34 37 39 40 42 43 44 46 47 49 51 52
17
3 4 7 12 14 16 20 21 23 27 28 29 30 31 33 35 41
9
1 5 10 15 16 17 19 20 22
7
5 7 12 15 16 18 19
3
8 11 14
7
2 4 6 9 12 14 20
6
7 10 13 14 18 19
5
5 8 10 11 12
10
2 4 6 7 8 12 17 20 24 25
8
2 9 12 13 15 18 21 22
10
6 12 14 16 17 19 22 25 28 29
10
1 2 8 13 14 20 22 24 25 27
9
3 8 11 12 13 15 17 18 23
4
6 8 14 16
10
2 3 6 7 8 9 10 16 19 24
3
3 6 9
3
1 6 9
3
5 8 9
4
3 4 8 10
7
9 10 15 16 19 20 23
4
2 6 10 12
4
4 13 14 15
9
5 7 8 9 12 13 18 21 23
9
2 3 4 10 16 22 23 24 25
12
1 2 8 9 11 15 17 18 22 24 27 30
10
7 9 10 11 19 21 23 25 26 28
6
6 10 12 15 16 19
3
6 9 12
3
13 14 15
2
9 11
3
11 13 14
2
4 8
4
7 11 14 17
9
3 7 9 11 14 16 18 19 22
8
7 8 10 16 19 20 21 23
2
6 11
6
6 9 10 13 14 15
9
1 5 8 9 13 15 19 20 21
10
8 9 10 19 20 22 23 26 27 28
5
5 9 12 15 18
6
1 8 9 16 17 19
5
5 7 10 12 18
5
6 10 11 13 15
4
2 3 9 14
8
8 10 13 14 18 19 21 22
9
5 7 10 13 15 16 17 19 26
9
4 5 11 12 13 14 15 21 23
2
7 10
2
4 9
6
2 7 10 11 12 15
6
3 7 8 10 11 13
11
6 8 11 12 13 15 16 18 21 24 26
4
2 5 10 13
9
1 6 10 13 14 16 18 23 24
5
7 8 11 16 18
2
5 9
7
2 6 11 13 15 16 17
6
3 6 12 13 17 20
11
3 5 6 7 11 13 15 19 23 24 27
3
6 8 9
2
6 7
3
2 10 11
6
3 7 8 14 15 19
4
1 6 7 9
4
6 7 9 13
4
9 10 11 14
7
3 6 7 9 13 15 17
5
3 8 10 14 17
6
7 8 9 12 16 18
5
5 7 8 18 19
8
1 3 4 5 12 13 15 23
2
7 10
4
6 14 15 16
6
4 5 9 12 15 16
11
2 4 6 13 14 18 20 21 22 26 27
4
2 5 6 10
2
7 11
3
4 8 12
2
2 4
4
4 7 9 10
3
6 9 13
3
6 9 12
4
1 4 9 12
6
9 11 13 17 20 21
12
1 3 10 11 12 15 20 23 24 26 27 29
2
9 12
5
11 13 14 17 18
5
14 15 16 17 20
10
2 4 14 16 18 20 22 23 25 27
15
4 8 10 12 14 15 19 24 25 26 28 30 35 36 37
13
4 5 7 8 12 16 17 18 20 23 25 27 31
13
1 3 5 14 15 16 20 22 24 25 26 28 33
4
8 12 13 18
8
2 3 4 6 7 16 17 19
