3 543050
7 599175
8 415495
10 6
13 599175
16 3
19 460416
20 430219
22 543050
23 8
26 838037
33 413857
39 543050
40 413857
41 14
42 17
44 60423
47 460416
48 175425
49 460416
50 838037
52 915417
57 926433
58 957395
65 632641
69 957395
72 11
73 156505
74 107323
75 60423
79 705510
84 605221
86 430795
88 156505
90 838037
92 788989
93 144625
96 144625
97 26
98 435619
102 915417
103 14
108 915417
109 676499
110 611841
118 510033
119 435619
123 632641
125 187311
126 6
130 262945
132 107323
135 632641
136 14
137 602133
138 34
140 668851
142 1
144 705510
148 24
151 146473
152 31
153 201253
155 885753
157 193622
160 466595
161 510033
165 15
166 397385
167 397385
169 915417
170 122305
173 632641
174 542597
175 70
176 252724
178 193622
179 43505
182 70
183 208361
185 926433
188 406225
189 39
190 435619
192 442663
193 122305
195 258593
198 410637
199 210773
200 146793
203 46
204 487425
207 58
208 575873
211 61
215 119729
216 957249
218 443965
220 705510
221 34
222 705510
223 262945
227 799155
229 787432
230 502310
231 502310
232 258593
233 187311
234 406225
239 632641
242 784221
244 88897
246 838037
249 44
250 915417
256 858601
257 193622
261 6
262 88897
273 96
276 72
277 88897
280 118
281 376755
282 397385
287 109
289 602133
291 799155
296 291673
297 265337
298 12
300 762673
301 119729
302 17
303 556043
305 538881
306 183611
308 567117
310 642227
312 783997
315 521162
317 487045
320 683385
326 10
334 171393
336 836533
338 447939
340 406225
341 33
343 267565
344 41
345 397385
350 88897
352 885753
356 623629
359 575873
361 521162
362 326884
363 397385
366 542597
367 17
373 955681
374 94
375 829599
377 556043
379 447939
381 419241
382 972561
386 799155
387 885753
389 86
392 107323
393 128
394 673517
395 484243
396 241377
398 6
399 326884
403 260025
404 122521
406 93
407 127
409 329199
412 15
414 501675
415 946600
416 596281
420 124
422 26285
423 632641
426 413857
429 275767
430 935921
431 501675
433 60423
438 43505
440 838037
445 46
447 75
449 13
452 602133
453 957249
459 983754
460 107
466 252724
468 60387
471 171393
475 480321
476 18
477 445639
485 48
487 186
491 985461
494 435619
499 118
501 353537
503 435619
507 131
509 53
511 915417
520 171393
523 65
525 788989
529 164
530 131
531 192
537 240
541 254822
542 101
543 144625
546 687065
547 60387
549 882247
550 722481
551 210773
553 477473
558 289809
568 985741
575 123
579 573605
586 508185
589 238277
590 731777
591 596281
594 248961
597 677791
598 319333
601 550979
603 585057
605 525313
609 131
611 825921
612 260553
615 126
616 442137
620 119729
625 484243
626 137473
631 303937
632 11
634 353537
635 627047
641 858601
643 201253
646 772565
648 128
649 588700
650 840881
652 16809
653 350929
658 700433
659 252724
661 137473
662 122521
663 176
664 196
665 201253
666 828905
667 243
668 170
669 611841
670 865553
671 193622
672 212441
673 113
674 611841
676 807409
677 275767
678 146
684 157444
685 206
688 117
689 161
691 36099
694 508185
696 82809
698 442137
699 43239
704 460416
705 40
706 700433
713 117601
718 573605
721 241377
723 171393
724 556043
725 182
728 435619
729 189757
730 771297
731 602133
732 43239
734 28
735 110064
736 349665
738 460416
742 275767
745 407410
746 370941
749 936639
752 16809
755 224
758 221
760 103
763 747461
765 319
769 493505
770 563263
773 923244
775 827387
776 204801
777 191
779 378865
780 11
784 731777
787 394685
793 494921
795 141125
796 487425
801 349665
806 173819
810 370941
812 578561
815 982927
816 173819
817 260553
819 666305
822 82809
823 460416
825 283
826 79
827 982927
830 437217
833 113
836 931761
840 831419
841 410637
842 385426
844 732801
852 406225
854 28
857 494921
859 807409
860 224
862 108545
863 463603
874 250613
878 276620
881 169
882 55
885 873809
886 59
888 878585
892 854208
893 294487
899 609985
901 206721
903 824865
908 447939
911 499577
915 306069
918 787432
922 445639
926 88032
928 783997
929 345
930 229205
932 129
934 265337
936 255233
939 337287
940 284759
942 910156
943 772565
946 891122
947 218
959 169497
960 276620
962 578911
967 609753
968 598829
972 208361
977 360955
978 120
980 829925
982 7953
988 128
989 493615
990 317349
991 205231
992 786761
993 397385
996 327489
997 673517
998 508185
